<?xml version="1.0" encoding="UTF-8"?>
<testsuite xmlns:xsi="http://www.w3.org/2001/XMLSchema-instance" xsi:noNamespaceSchemaLocation="https://maven.apache.org/surefire/maven-surefire-plugin/xsd/surefire-test-report-3.0.xsd" version="3.0" name="LionTest" time="0.02" tests="6" errors="0" skipped="0" failures="0">
  <properties>
[...]
</properties>
  <testcase name="doesHaveManeCheck[0]" classname="LionTest" time="0.003"/>
  <testcase name="getFoodCheck[0]" classname="LionTest" time="0.004"/>
  <testcase name="getKittensCheck[0]" classname="LionTest" time="0.001"/>
  <testcase name="doesHaveManeCheck[1]" classname="LionTest" time="0.001"/>
  <testcase name="getFoodCheck[1]" classname="LionTest" time="0.001"/>
  <testcase name="getKittensCheck[1]" classname="LionTest" time="0.001"/>
</testsuite>